Терминалы не используются в грамматике

    ERROR


Грамматика

    0 $accept: program $end

    1 program: class_list

    2 class_list: class
    3           | class_list class
    4           | error ';' class

    5 class: CLASS TYPEID '{' feature_list '}' ';'
    6      | CLASS TYPEID INHERITS TYPEID '{' feature_list '}' ';'

    7 feature_list: ε
    8             | feature_list feature

    9 feature: OBJECTID ':' TYPEID optional_assign ';'
   10        | OBJECTID '(' formal_list ')' ':' TYPEID '{' expr '}' ';'
   11        | error ';'

   12 formal_list: ε
   13            | formal
   14            | formal_list ',' formal

   15 formal: OBJECTID ':' TYPEID

   16 expr_list_comma: ε
   17                | expr
   18                | expr_list_comma ',' expr

   19 expr_list_simicolon: expr ';'
   20                    | expr_list_simicolon expr ';'
   21                    | error ';'

   22 expr: STR_CONST
   23     | INT_CONST
   24     | BOOL_CONST
   25     | OBJECTID
   26     | OBJECTID ASSIGN expr
   27     | expr '.' OBJECTID '(' expr_list_comma ')'
   28     | OBJECTID '(' expr_list_comma ')'
   29     | expr '@' TYPEID '.' OBJECTID '(' expr_list_comma ')'
   30     | IF expr THEN expr ELSE expr FI
   31     | WHILE expr LOOP expr POOL
   32     | '{' expr_list_simicolon '}'
   33     | let_expr
   34     | CASE expr OF case_list ESAC
   35     | NEW TYPEID
   36     | ISVOID expr
   37     | expr '+' expr
   38     | expr '-' expr
   39     | expr '*' expr
   40     | '~' expr
   41     | expr '<' expr
   42     | expr '=' expr
   43     | expr LE expr
   44     | NOT expr
   45     | '(' expr ')'

   46 case_list: ε
   47          | case_list case

   48 case: OBJECTID ':' TYPEID DARROW expr ';'

   49 let_expr: LET let_binding_list IN expr

   50 let_binding_list: let_binding
   51                 | let_binding_list ',' let_binding
   52                 | error ',' let_binding

   53 let_binding: OBJECTID ':' TYPEID optional_assign

   54 optional_assign: ε
   55                | ASSIGN expr


Терминальные символы с правилами, в которых они появляются

    $end (0) 0
    '(' (40) 10 27 28 29 45
    ')' (41) 10 27 28 29 45
    '*' (42) 39
    '+' (43) 37
    ',' (44) 14 18 51 52
    '-' (45) 38
    '.' (46) 27 29
    ':' (58) 9 10 15 48 53
    ';' (59) 4 5 6 9 10 11 19 20 21 48
    '<' (60) 41
    '=' (61) 42
    '@' (64) 29
    '{' (123) 5 6 10 32
    '}' (125) 5 6 10 32
    '~' (126) 40
    error (256) 4 11 21 52
    CLASS (258) 5 6
    ELSE (259) 30
    FI (260) 30
    IF (261) 30
    IN (262) 49
    INHERITS (263) 6
    LET (264) 49
    LOOP (265) 31
    POOL (266) 31
    THEN (267) 30
    WHILE (268) 31
    CASE (269) 34
    ESAC (270) 34
    OF (271) 34
    DARROW (272) 48
    NEW (273) 35
    ISVOID (274) 36
    STR_CONST <symbol> (275) 22
    INT_CONST <symbol> (276) 23
    BOOL_CONST <boolean> (277) 24
    TYPEID <symbol> (278) 5 6 9 10 15 29 35 48 53
    OBJECTID <symbol> (279) 9 10 15 25 26 27 28 29 48 53
    ASSIGN (280) 26 55
    NOT (281) 44
    LE (282) 43
    ERROR (283)


Нетерминальные символы с правилами, в которых они появляются

    $accept (44)
        on left: 0
    program <program> (45)
        on left: 1
        on right: 0
    class_list <classes> (46)
        on left: 2 3 4
        on right: 1 3
    class <class_> (47)
        on left: 5 6
        on right: 2 3 4
    feature_list <features> (48)
        on left: 7 8
        on right: 5 6 8
    feature <feature> (49)
        on left: 9 10 11
        on right: 8
    formal_list <formals> (50)
        on left: 12 13 14
        on right: 10 14
    formal <formal> (51)
        on left: 15
        on right: 13 14
    expr_list_comma <expressions> (52)
        on left: 16 17 18
        on right: 18 27 28 29
    expr_list_simicolon <expressions> (53)
        on left: 19 20 21
        on right: 20 32
    expr <expression> (54)
        on left: 22 23 24 25 26 27 28 29 30 31 32 33 34 35 36 37 38 39 40 41 42 43 44 45
        on right: 10 17 18 19 20 26 27 29 30 31 34 36 37 38 39 40 41 42 43 44 45 48 49 55
    case_list <cases> (55)
        on left: 46 47
        on right: 34 47
    case <case_> (56)
        on left: 48
        on right: 47
    let_expr <expression> (57)
        on left: 49
        on right: 33
    let_binding_list <expression> (58)
        on left: 50 51 52
        on right: 49 51
    let_binding <expression> (59)
        on left: 53
        on right: 50 51 52
    optional_assign <expression> (60)
        on left: 54 55
        on right: 9 53


Состояние 0

    0 $accept: • program $end

    error  сдвиг, и переход в состояние 1
    CLASS  сдвиг, и переход в состояние 2

    program     переход в состояние 3
    class_list  переход в состояние 4
    class       переход в состояние 5


Состояние 1

    4 class_list: error • ';' class

    ';'  сдвиг, и переход в состояние 6


Состояние 2

    5 class: CLASS • TYPEID '{' feature_list '}' ';'
    6      | CLASS • TYPEID INHERITS TYPEID '{' feature_list '}' ';'

    TYPEID  сдвиг, и переход в состояние 7


Состояние 3

    0 $accept: program • $end

    $end  сдвиг, и переход в состояние 8


Состояние 4

    1 program: class_list •
    3 class_list: class_list • class

    CLASS  сдвиг, и переход в состояние 2

    $default  вывод с использованием правила 1 (program)

    class  переход в состояние 9


Состояние 5

    2 class_list: class •

    $default  вывод с использованием правила 2 (class_list)


Состояние 6

    4 class_list: error ';' • class

    CLASS  сдвиг, и переход в состояние 2

    class  переход в состояние 10


Состояние 7

    5 class: CLASS TYPEID • '{' feature_list '}' ';'
    6      | CLASS TYPEID • INHERITS TYPEID '{' feature_list '}' ';'

    INHERITS  сдвиг, и переход в состояние 11
    '{'       сдвиг, и переход в состояние 12


Состояние 8

    0 $accept: program $end •

    $default  принять


Состояние 9

    3 class_list: class_list class •

    $default  вывод с использованием правила 3 (class_list)


Состояние 10

    4 class_list: error ';' class •

    $default  вывод с использованием правила 4 (class_list)


Состояние 11

    6 class: CLASS TYPEID INHERITS • TYPEID '{' feature_list '}' ';'

    TYPEID  сдвиг, и переход в состояние 13


Состояние 12

    5 class: CLASS TYPEID '{' • feature_list '}' ';'

    $default  вывод с использованием правила 7 (feature_list)

    feature_list  переход в состояние 14


Состояние 13

    6 class: CLASS TYPEID INHERITS TYPEID • '{' feature_list '}' ';'

    '{'  сдвиг, и переход в состояние 15


Состояние 14

    5 class: CLASS TYPEID '{' feature_list • '}' ';'
    8 feature_list: feature_list • feature

    error     сдвиг, и переход в состояние 16
    OBJECTID  сдвиг, и переход в состояние 17
    '}'       сдвиг, и переход в состояние 18

    feature  переход в состояние 19


Состояние 15

    6 class: CLASS TYPEID INHERITS TYPEID '{' • feature_list '}' ';'

    $default  вывод с использованием правила 7 (feature_list)

    feature_list  переход в состояние 20


Состояние 16

   11 feature: error • ';'

    ';'  сдвиг, и переход в состояние 21


Состояние 17

    9 feature: OBJECTID • ':' TYPEID optional_assign ';'
   10        | OBJECTID • '(' formal_list ')' ':' TYPEID '{' expr '}' ';'

    ':'  сдвиг, и переход в состояние 22
    '('  сдвиг, и переход в состояние 23


Состояние 18

    5 class: CLASS TYPEID '{' feature_list '}' • ';'

    ';'  сдвиг, и переход в состояние 24


Состояние 19

    8 feature_list: feature_list feature •

    $default  вывод с использованием правила 8 (feature_list)


Состояние 20

    6 class: CLASS TYPEID INHERITS TYPEID '{' feature_list • '}' ';'
    8 feature_list: feature_list • feature

    error     сдвиг, и переход в состояние 16
    OBJECTID  сдвиг, и переход в состояние 17
    '}'       сдвиг, и переход в состояние 25

    feature  переход в состояние 19


Состояние 21

   11 feature: error ';' •

    $default  вывод с использованием правила 11 (feature)


Состояние 22

    9 feature: OBJECTID ':' • TYPEID optional_assign ';'

    TYPEID  сдвиг, и переход в состояние 26


Состояние 23

   10 feature: OBJECTID '(' • formal_list ')' ':' TYPEID '{' expr '}' ';'

    OBJECTID  сдвиг, и переход в состояние 27

    $default  вывод с использованием правила 12 (formal_list)

    formal_list  переход в состояние 28
    formal       переход в состояние 29


Состояние 24

    5 class: CLASS TYPEID '{' feature_list '}' ';' •

    $default  вывод с использованием правила 5 (class)


Состояние 25

    6 class: CLASS TYPEID INHERITS TYPEID '{' feature_list '}' • ';'

    ';'  сдвиг, и переход в состояние 30


Состояние 26

    9 feature: OBJECTID ':' TYPEID • optional_assign ';'

    ASSIGN  сдвиг, и переход в состояние 31

    $default  вывод с использованием правила 54 (optional_assign)

    optional_assign  переход в состояние 32


Состояние 27

   15 formal: OBJECTID • ':' TYPEID

    ':'  сдвиг, и переход в состояние 33


Состояние 28

   10 feature: OBJECTID '(' formal_list • ')' ':' TYPEID '{' expr '}' ';'
   14 formal_list: formal_list • ',' formal

    ')'  сдвиг, и переход в состояние 34
    ','  сдвиг, и переход в состояние 35


Состояние 29

   13 formal_list: formal •

    $default  вывод с использованием правила 13 (formal_list)


Состояние 30

    6 class: CLASS TYPEID INHERITS TYPEID '{' feature_list '}' ';' •

    $default  вывод с использованием правила 6 (class)


Состояние 31

   55 optional_assign: ASSIGN • expr

    IF          сдвиг, и переход в состояние 36
    LET         сдвиг, и переход в состояние 37
    WHILE       сдвиг, и переход в состояние 38
    CASE        сдвиг, и переход в состояние 39
    NEW         сдвиг, и переход в состояние 40
    ISVOID      сдвиг, и переход в состояние 41
    STR_CONST   сдвиг, и переход в состояние 42
    INT_CONST   сдвиг, и переход в состояние 43
    BOOL_CONST  сдвиг, и переход в состояние 44
    OBJECTID    сдвиг, и переход в состояние 45
    NOT         сдвиг, и переход в состояние 46
    '~'         сдвиг, и переход в состояние 47
    '{'         сдвиг, и переход в состояние 48
    '('         сдвиг, и переход в состояние 49

    expr      переход в состояние 50
    let_expr  переход в состояние 51


Состояние 32

    9 feature: OBJECTID ':' TYPEID optional_assign • ';'

    ';'  сдвиг, и переход в состояние 52


Состояние 33

   15 formal: OBJECTID ':' • TYPEID

    TYPEID  сдвиг, и переход в состояние 53


Состояние 34

   10 feature: OBJECTID '(' formal_list ')' • ':' TYPEID '{' expr '}' ';'

    ':'  сдвиг, и переход в состояние 54


Состояние 35

   14 formal_list: formal_list ',' • formal

    OBJECTID  сдвиг, и переход в состояние 27

    formal  переход в состояние 55


Состояние 36

   30 expr: IF • expr THEN expr ELSE expr FI

    IF          сдвиг, и переход в состояние 36
    LET         сдвиг, и переход в состояние 37
    WHILE       сдвиг, и переход в состояние 38
    CASE        сдвиг, и переход в состояние 39
    NEW         сдвиг, и переход в состояние 40
    ISVOID      сдвиг, и переход в состояние 41
    STR_CONST   сдвиг, и переход в состояние 42
    INT_CONST   сдвиг, и переход в состояние 43
    BOOL_CONST  сдвиг, и переход в состояние 44
    OBJECTID    сдвиг, и переход в состояние 45
    NOT         сдвиг, и переход в состояние 46
    '~'         сдвиг, и переход в состояние 47
    '{'         сдвиг, и переход в состояние 48
    '('         сдвиг, и переход в состояние 49

    expr      переход в состояние 56
    let_expr  переход в состояние 51


Состояние 37

   49 let_expr: LET • let_binding_list IN expr

    error     сдвиг, и переход в состояние 57
    OBJECTID  сдвиг, и переход в состояние 58

    let_binding_list  переход в состояние 59
    let_binding       переход в состояние 60


Состояние 38

   31 expr: WHILE • expr LOOP expr POOL

    IF          сдвиг, и переход в состояние 36
    LET         сдвиг, и переход в состояние 37
    WHILE       сдвиг, и переход в состояние 38
    CASE        сдвиг, и переход в состояние 39
    NEW         сдвиг, и переход в состояние 40
    ISVOID      сдвиг, и переход в состояние 41
    STR_CONST   сдвиг, и переход в состояние 42
    INT_CONST   сдвиг, и переход в состояние 43
    BOOL_CONST  сдвиг, и переход в состояние 44
    OBJECTID    сдвиг, и переход в состояние 45
    NOT         сдвиг, и переход в состояние 46
    '~'         сдвиг, и переход в состояние 47
    '{'         сдвиг, и переход в состояние 48
    '('         сдвиг, и переход в состояние 49

    expr      переход в состояние 61
    let_expr  переход в состояние 51


Состояние 39

   34 expr: CASE • expr OF case_list ESAC

    IF          сдвиг, и переход в состояние 36
    LET         сдвиг, и переход в состояние 37
    WHILE       сдвиг, и переход в состояние 38
    CASE        сдвиг, и переход в состояние 39
    NEW         сдвиг, и переход в состояние 40
    ISVOID      сдвиг, и переход в состояние 41
    STR_CONST   сдвиг, и переход в состояние 42
    INT_CONST   сдвиг, и переход в состояние 43
    BOOL_CONST  сдвиг, и переход в состояние 44
    OBJECTID    сдвиг, и переход в состояние 45
    NOT         сдвиг, и переход в состояние 46
    '~'         сдвиг, и переход в состояние 47
    '{'         сдвиг, и переход в состояние 48
    '('         сдвиг, и переход в состояние 49

    expr      переход в состояние 62
    let_expr  переход в состояние 51


Состояние 40

   35 expr: NEW • TYPEID

    TYPEID  сдвиг, и переход в состояние 63


Состояние 41

   36 expr: ISVOID • expr

    IF          сдвиг, и переход в состояние 36
    LET         сдвиг, и переход в состояние 37
    WHILE       сдвиг, и переход в состояние 38
    CASE        сдвиг, и переход в состояние 39
    NEW         сдвиг, и переход в состояние 40
    ISVOID      сдвиг, и переход в состояние 41
    STR_CONST   сдвиг, и переход в состояние 42
    INT_CONST   сдвиг, и переход в состояние 43
    BOOL_CONST  сдвиг, и переход в состояние 44
    OBJECTID    сдвиг, и переход в состояние 45
    NOT         сдвиг, и переход в состояние 46
    '~'         сдвиг, и переход в состояние 47
    '{'         сдвиг, и переход в состояние 48
    '('         сдвиг, и переход в состояние 49

    expr      переход в состояние 64
    let_expr  переход в состояние 51


Состояние 42

   22 expr: STR_CONST •

    $default  вывод с использованием правила 22 (expr)


Состояние 43

   23 expr: INT_CONST •

    $default  вывод с использованием правила 23 (expr)


Состояние 44

   24 expr: BOOL_CONST •

    $default  вывод с использованием правила 24 (expr)


Состояние 45

   25 expr: OBJECTID •
   26     | OBJECTID • ASSIGN expr
   28     | OBJECTID • '(' expr_list_comma ')'

    ASSIGN  сдвиг, и переход в состояние 65
    '('     сдвиг, и переход в состояние 66

    $default  вывод с использованием правила 25 (expr)


Состояние 46

   44 expr: NOT • expr

    IF          сдвиг, и переход в состояние 36
    LET         сдвиг, и переход в состояние 37
    WHILE       сдвиг, и переход в состояние 38
    CASE        сдвиг, и переход в состояние 39
    NEW         сдвиг, и переход в состояние 40
    ISVOID      сдвиг, и переход в состояние 41
    STR_CONST   сдвиг, и переход в состояние 42
    INT_CONST   сдвиг, и переход в состояние 43
    BOOL_CONST  сдвиг, и переход в состояние 44
    OBJECTID    сдвиг, и переход в состояние 45
    NOT         сдвиг, и переход в состояние 46
    '~'         сдвиг, и переход в состояние 47
    '{'         сдвиг, и переход в состояние 48
    '('         сдвиг, и переход в состояние 49

    expr      переход в состояние 67
    let_expr  переход в состояние 51


Состояние 47

   40 expr: '~' • expr

    IF          сдвиг, и переход в состояние 36
    LET         сдвиг, и переход в состояние 37
    WHILE       сдвиг, и переход в состояние 38
    CASE        сдвиг, и переход в состояние 39
    NEW         сдвиг, и переход в состояние 40
    ISVOID      сдвиг, и переход в состояние 41
    STR_CONST   сдвиг, и переход в состояние 42
    INT_CONST   сдвиг, и переход в состояние 43
    BOOL_CONST  сдвиг, и переход в состояние 44
    OBJECTID    сдвиг, и переход в состояние 45
    NOT         сдвиг, и переход в состояние 46
    '~'         сдвиг, и переход в состояние 47
    '{'         сдвиг, и переход в состояние 48
    '('         сдвиг, и переход в состояние 49

    expr      переход в состояние 68
    let_expr  переход в состояние 51


Состояние 48

   32 expr: '{' • expr_list_simicolon '}'

    error       сдвиг, и переход в состояние 69
    IF          сдвиг, и переход в состояние 36
    LET         сдвиг, и переход в состояние 37
    WHILE       сдвиг, и переход в состояние 38
    CASE        сдвиг, и переход в состояние 39
    NEW         сдвиг, и переход в состояние 40
    ISVOID      сдвиг, и переход в состояние 41
    STR_CONST   сдвиг, и переход в состояние 42
    INT_CONST   сдвиг, и переход в состояние 43
    BOOL_CONST  сдвиг, и переход в состояние 44
    OBJECTID    сдвиг, и переход в состояние 45
    NOT         сдвиг, и переход в состояние 46
    '~'         сдвиг, и переход в состояние 47
    '{'         сдвиг, и переход в состояние 48
    '('         сдвиг, и переход в состояние 49

    expr_list_simicolon  переход в состояние 70
    expr                 переход в состояние 71
    let_expr             переход в состояние 51


Состояние 49

   45 expr: '(' • expr ')'

    IF          сдвиг, и переход в состояние 36
    LET         сдвиг, и переход в состояние 37
    WHILE       сдвиг, и переход в состояние 38
    CASE        сдвиг, и переход в состояние 39
    NEW         сдвиг, и переход в состояние 40
    ISVOID      сдвиг, и переход в состояние 41
    STR_CONST   сдвиг, и переход в состояние 42
    INT_CONST   сдвиг, и переход в состояние 43
    BOOL_CONST  сдвиг, и переход в состояние 44
    OBJECTID    сдвиг, и переход в состояние 45
    NOT         сдвиг, и переход в состояние 46
    '~'         сдвиг, и переход в состояние 47
    '{'         сдвиг, и переход в состояние 48
    '('         сдвиг, и переход в состояние 49

    expr      переход в состояние 72
    let_expr  переход в состояние 51


Состояние 50

   27 expr: expr • '.' OBJECTID '(' expr_list_comma ')'
   29     | expr • '@' TYPEID '.' OBJECTID '(' expr_list_comma ')'
   37     | expr • '+' expr
   38     | expr • '-' expr
   39     | expr • '*' expr
   41     | expr • '<' expr
   42     | expr • '=' expr
   43     | expr • LE expr
   55 optional_assign: ASSIGN expr •

    LE   сдвиг, и переход в состояние 73
    '<'  сдвиг, и переход в состояние 74
    '='  сдвиг, и переход в состояние 75
    '+'  сдвиг, и переход в состояние 76
    '-'  сдвиг, и переход в состояние 77
    '*'  сдвиг, и переход в состояние 78
    '@'  сдвиг, и переход в состояние 79
    '.'  сдвиг, и переход в состояние 80

    $default  вывод с использованием правила 55 (optional_assign)


Состояние 51

   33 expr: let_expr •

    $default  вывод с использованием правила 33 (expr)


Состояние 52

    9 feature: OBJECTID ':' TYPEID optional_assign ';' •

    $default  вывод с использованием правила 9 (feature)


Состояние 53

   15 formal: OBJECTID ':' TYPEID •

    $default  вывод с использованием правила 15 (formal)


Состояние 54

   10 feature: OBJECTID '(' formal_list ')' ':' • TYPEID '{' expr '}' ';'

    TYPEID  сдвиг, и переход в состояние 81


Состояние 55

   14 formal_list: formal_list ',' formal •

    $default  вывод с использованием правила 14 (formal_list)


Состояние 56

   27 expr: expr • '.' OBJECTID '(' expr_list_comma ')'
   29     | expr • '@' TYPEID '.' OBJECTID '(' expr_list_comma ')'
   30     | IF expr • THEN expr ELSE expr FI
   37     | expr • '+' expr
   38     | expr • '-' expr
   39     | expr • '*' expr
   41     | expr • '<' expr
   42     | expr • '=' expr
   43     | expr • LE expr

    THEN  сдвиг, и переход в состояние 82
    LE    сдвиг, и переход в состояние 73
    '<'   сдвиг, и переход в состояние 74
    '='   сдвиг, и переход в состояние 75
    '+'   сдвиг, и переход в состояние 76
    '-'   сдвиг, и переход в состояние 77
    '*'   сдвиг, и переход в состояние 78
    '@'   сдвиг, и переход в состояние 79
    '.'   сдвиг, и переход в состояние 80


Состояние 57

   52 let_binding_list: error • ',' let_binding

    ','  сдвиг, и переход в состояние 83


Состояние 58

   53 let_binding: OBJECTID • ':' TYPEID optional_assign

    ':'  сдвиг, и переход в состояние 84


Состояние 59

   49 let_expr: LET let_binding_list • IN expr
   51 let_binding_list: let_binding_list • ',' let_binding

    IN   сдвиг, и переход в состояние 85
    ','  сдвиг, и переход в состояние 86


Состояние 60

   50 let_binding_list: let_binding •

    $default  вывод с использованием правила 50 (let_binding_list)


Состояние 61

   27 expr: expr • '.' OBJECTID '(' expr_list_comma ')'
   29     | expr • '@' TYPEID '.' OBJECTID '(' expr_list_comma ')'
   31     | WHILE expr • LOOP expr POOL
   37     | expr • '+' expr
   38     | expr • '-' expr
   39     | expr • '*' expr
   41     | expr • '<' expr
   42     | expr • '=' expr
   43     | expr • LE expr

    LOOP  сдвиг, и переход в состояние 87
    LE    сдвиг, и переход в состояние 73
    '<'   сдвиг, и переход в состояние 74
    '='   сдвиг, и переход в состояние 75
    '+'   сдвиг, и переход в состояние 76
    '-'   сдвиг, и переход в состояние 77
    '*'   сдвиг, и переход в состояние 78
    '@'   сдвиг, и переход в состояние 79
    '.'   сдвиг, и переход в состояние 80


Состояние 62

   27 expr: expr • '.' OBJECTID '(' expr_list_comma ')'
   29     | expr • '@' TYPEID '.' OBJECTID '(' expr_list_comma ')'
   34     | CASE expr • OF case_list ESAC
   37     | expr • '+' expr
   38     | expr • '-' expr
   39     | expr • '*' expr
   41     | expr • '<' expr
   42     | expr • '=' expr
   43     | expr • LE expr

    OF   сдвиг, и переход в состояние 88
    LE   сдвиг, и переход в состояние 73
    '<'  сдвиг, и переход в состояние 74
    '='  сдвиг, и переход в состояние 75
    '+'  сдвиг, и переход в состояние 76
    '-'  сдвиг, и переход в состояние 77
    '*'  сдвиг, и переход в состояние 78
    '@'  сдвиг, и переход в состояние 79
    '.'  сдвиг, и переход в состояние 80


Состояние 63

   35 expr: NEW TYPEID •

    $default  вывод с использованием правила 35 (expr)


Состояние 64

   27 expr: expr • '.' OBJECTID '(' expr_list_comma ')'
   29     | expr • '@' TYPEID '.' OBJECTID '(' expr_list_comma ')'
   36     | ISVOID expr •
   37     | expr • '+' expr
   38     | expr • '-' expr
   39     | expr • '*' expr
   41     | expr • '<' expr
   42     | expr • '=' expr
   43     | expr • LE expr

    '@'  сдвиг, и переход в состояние 79
    '.'  сдвиг, и переход в состояние 80

    $default  вывод с использованием правила 36 (expr)


Состояние 65

   26 expr: OBJECTID ASSIGN • expr

    IF          сдвиг, и переход в состояние 36
    LET         сдвиг, и переход в состояние 37
    WHILE       сдвиг, и переход в состояние 38
    CASE        сдвиг, и переход в состояние 39
    NEW         сдвиг, и переход в состояние 40
    ISVOID      сдвиг, и переход в состояние 41
    STR_CONST   сдвиг, и переход в состояние 42
    INT_CONST   сдвиг, и переход в состояние 43
    BOOL_CONST  сдвиг, и переход в состояние 44
    OBJECTID    сдвиг, и переход в состояние 45
    NOT         сдвиг, и переход в состояние 46
    '~'         сдвиг, и переход в состояние 47
    '{'         сдвиг, и переход в состояние 48
    '('         сдвиг, и переход в состояние 49

    expr      переход в состояние 89
    let_expr  переход в состояние 51


Состояние 66

   28 expr: OBJECTID '(' • expr_list_comma ')'

    IF          сдвиг, и переход в состояние 36
    LET         сдвиг, и переход в состояние 37
    WHILE       сдвиг, и переход в состояние 38
    CASE        сдвиг, и переход в состояние 39
    NEW         сдвиг, и переход в состояние 40
    ISVOID      сдвиг, и переход в состояние 41
    STR_CONST   сдвиг, и переход в состояние 42
    INT_CONST   сдвиг, и переход в состояние 43
    BOOL_CONST  сдвиг, и переход в состояние 44
    OBJECTID    сдвиг, и переход в состояние 45
    NOT         сдвиг, и переход в состояние 46
    '~'         сдвиг, и переход в состояние 47
    '{'         сдвиг, и переход в состояние 48
    '('         сдвиг, и переход в состояние 49

    $default  вывод с использованием правила 16 (expr_list_comma)

    expr_list_comma  переход в состояние 90
    expr             переход в состояние 91
    let_expr         переход в состояние 51


Состояние 67

   27 expr: expr • '.' OBJECTID '(' expr_list_comma ')'
   29     | expr • '@' TYPEID '.' OBJECTID '(' expr_list_comma ')'
   37     | expr • '+' expr
   38     | expr • '-' expr
   39     | expr • '*' expr
   41     | expr • '<' expr
   42     | expr • '=' expr
   43     | expr • LE expr
   44     | NOT expr •

    LE   сдвиг, и переход в состояние 73
    '<'  сдвиг, и переход в состояние 74
    '='  сдвиг, и переход в состояние 75
    '+'  сдвиг, и переход в состояние 76
    '-'  сдвиг, и переход в состояние 77
    '*'  сдвиг, и переход в состояние 78
    '@'  сдвиг, и переход в состояние 79
    '.'  сдвиг, и переход в состояние 80

    $default  вывод с использованием правила 44 (expr)


Состояние 68

   27 expr: expr • '.' OBJECTID '(' expr_list_comma ')'
   29     | expr • '@' TYPEID '.' OBJECTID '(' expr_list_comma ')'
   37     | expr • '+' expr
   38     | expr • '-' expr
   39     | expr • '*' expr
   40     | '~' expr •
   41     | expr • '<' expr
   42     | expr • '=' expr
   43     | expr • LE expr

    '@'  сдвиг, и переход в состояние 79
    '.'  сдвиг, и переход в состояние 80

    $default  вывод с использованием правила 40 (expr)


Состояние 69

   21 expr_list_simicolon: error • ';'

    ';'  сдвиг, и переход в состояние 92


Состояние 70

   20 expr_list_simicolon: expr_list_simicolon • expr ';'
   32 expr: '{' expr_list_simicolon • '}'

    IF          сдвиг, и переход в состояние 36
    LET         сдвиг, и переход в состояние 37
    WHILE       сдвиг, и переход в состояние 38
    CASE        сдвиг, и переход в состояние 39
    NEW         сдвиг, и переход в состояние 40
    ISVOID      сдвиг, и переход в состояние 41
    STR_CONST   сдвиг, и переход в состояние 42
    INT_CONST   сдвиг, и переход в состояние 43
    BOOL_CONST  сдвиг, и переход в состояние 44
    OBJECTID    сдвиг, и переход в состояние 45
    NOT         сдвиг, и переход в состояние 46
    '~'         сдвиг, и переход в состояние 47
    '{'         сдвиг, и переход в состояние 48
    '}'         сдвиг, и переход в состояние 93
    '('         сдвиг, и переход в состояние 49

    expr      переход в состояние 94
    let_expr  переход в состояние 51


Состояние 71

   19 expr_list_simicolon: expr • ';'
   27 expr: expr • '.' OBJECTID '(' expr_list_comma ')'
   29     | expr • '@' TYPEID '.' OBJECTID '(' expr_list_comma ')'
   37     | expr • '+' expr
   38     | expr • '-' expr
   39     | expr • '*' expr
   41     | expr • '<' expr
   42     | expr • '=' expr
   43     | expr • LE expr

    LE   сдвиг, и переход в состояние 73
    '<'  сдвиг, и переход в состояние 74
    '='  сдвиг, и переход в состояние 75
    '+'  сдвиг, и переход в состояние 76
    '-'  сдвиг, и переход в состояние 77
    '*'  сдвиг, и переход в состояние 78
    '@'  сдвиг, и переход в состояние 79
    '.'  сдвиг, и переход в состояние 80
    ';'  сдвиг, и переход в состояние 95


Состояние 72

   27 expr: expr • '.' OBJECTID '(' expr_list_comma ')'
   29     | expr • '@' TYPEID '.' OBJECTID '(' expr_list_comma ')'
   37     | expr • '+' expr
   38     | expr • '-' expr
   39     | expr • '*' expr
   41     | expr • '<' expr
   42     | expr • '=' expr
   43     | expr • LE expr
   45     | '(' expr • ')'

    LE   сдвиг, и переход в состояние 73
    '<'  сдвиг, и переход в состояние 74
    '='  сдвиг, и переход в состояние 75
    '+'  сдвиг, и переход в состояние 76
    '-'  сдвиг, и переход в состояние 77
    '*'  сдвиг, и переход в состояние 78
    '@'  сдвиг, и переход в состояние 79
    '.'  сдвиг, и переход в состояние 80
    ')'  сдвиг, и переход в состояние 96


Состояние 73

   43 expr: expr LE • expr

    IF          сдвиг, и переход в состояние 36
    LET         сдвиг, и переход в состояние 37
    WHILE       сдвиг, и переход в состояние 38
    CASE        сдвиг, и переход в состояние 39
    NEW         сдвиг, и переход в состояние 40
    ISVOID      сдвиг, и переход в состояние 41
    STR_CONST   сдвиг, и переход в состояние 42
    INT_CONST   сдвиг, и переход в состояние 43
    BOOL_CONST  сдвиг, и переход в состояние 44
    OBJECTID    сдвиг, и переход в состояние 45
    NOT         сдвиг, и переход в состояние 46
    '~'         сдвиг, и переход в состояние 47
    '{'         сдвиг, и переход в состояние 48
    '('         сдвиг, и переход в состояние 49

    expr      переход в состояние 97
    let_expr  переход в состояние 51


Состояние 74

   41 expr: expr '<' • expr

    IF          сдвиг, и переход в состояние 36
    LET         сдвиг, и переход в состояние 37
    WHILE       сдвиг, и переход в состояние 38
    CASE        сдвиг, и переход в состояние 39
    NEW         сдвиг, и переход в состояние 40
    ISVOID      сдвиг, и переход в состояние 41
    STR_CONST   сдвиг, и переход в состояние 42
    INT_CONST   сдвиг, и переход в состояние 43
    BOOL_CONST  сдвиг, и переход в состояние 44
    OBJECTID    сдвиг, и переход в состояние 45
    NOT         сдвиг, и переход в состояние 46
    '~'         сдвиг, и переход в состояние 47
    '{'         сдвиг, и переход в состояние 48
    '('         сдвиг, и переход в состояние 49

    expr      переход в состояние 98
    let_expr  переход в состояние 51


Состояние 75

   42 expr: expr '=' • expr

    IF          сдвиг, и переход в состояние 36
    LET         сдвиг, и переход в состояние 37
    WHILE       сдвиг, и переход в состояние 38
    CASE        сдвиг, и переход в состояние 39
    NEW         сдвиг, и переход в состояние 40
    ISVOID      сдвиг, и переход в состояние 41
    STR_CONST   сдвиг, и переход в состояние 42
    INT_CONST   сдвиг, и переход в состояние 43
    BOOL_CONST  сдвиг, и переход в состояние 44
    OBJECTID    сдвиг, и переход в состояние 45
    NOT         сдвиг, и переход в состояние 46
    '~'         сдвиг, и переход в состояние 47
    '{'         сдвиг, и переход в состояние 48
    '('         сдвиг, и переход в состояние 49

    expr      переход в состояние 99
    let_expr  переход в состояние 51


Состояние 76

   37 expr: expr '+' • expr

    IF          сдвиг, и переход в состояние 36
    LET         сдвиг, и переход в состояние 37
    WHILE       сдвиг, и переход в состояние 38
    CASE        сдвиг, и переход в состояние 39
    NEW         сдвиг, и переход в состояние 40
    ISVOID      сдвиг, и переход в состояние 41
    STR_CONST   сдвиг, и переход в состояние 42
    INT_CONST   сдвиг, и переход в состояние 43
    BOOL_CONST  сдвиг, и переход в состояние 44
    OBJECTID    сдвиг, и переход в состояние 45
    NOT         сдвиг, и переход в состояние 46
    '~'         сдвиг, и переход в состояние 47
    '{'         сдвиг, и переход в состояние 48
    '('         сдвиг, и переход в состояние 49

    expr      переход в состояние 100
    let_expr  переход в состояние 51


Состояние 77

   38 expr: expr '-' • expr

    IF          сдвиг, и переход в состояние 36
    LET         сдвиг, и переход в состояние 37
    WHILE       сдвиг, и переход в состояние 38
    CASE        сдвиг, и переход в состояние 39
    NEW         сдвиг, и переход в состояние 40
    ISVOID      сдвиг, и переход в состояние 41
    STR_CONST   сдвиг, и переход в состояние 42
    INT_CONST   сдвиг, и переход в состояние 43
    BOOL_CONST  сдвиг, и переход в состояние 44
    OBJECTID    сдвиг, и переход в состояние 45
    NOT         сдвиг, и переход в состояние 46
    '~'         сдвиг, и переход в состояние 47
    '{'         сдвиг, и переход в состояние 48
    '('         сдвиг, и переход в состояние 49

    expr      переход в состояние 101
    let_expr  переход в состояние 51


Состояние 78

   39 expr: expr '*' • expr

    IF          сдвиг, и переход в состояние 36
    LET         сдвиг, и переход в состояние 37
    WHILE       сдвиг, и переход в состояние 38
    CASE        сдвиг, и переход в состояние 39
    NEW         сдвиг, и переход в состояние 40
    ISVOID      сдвиг, и переход в состояние 41
    STR_CONST   сдвиг, и переход в состояние 42
    INT_CONST   сдвиг, и переход в состояние 43
    BOOL_CONST  сдвиг, и переход в состояние 44
    OBJECTID    сдвиг, и переход в состояние 45
    NOT         сдвиг, и переход в состояние 46
    '~'         сдвиг, и переход в состояние 47
    '{'         сдвиг, и переход в состояние 48
    '('         сдвиг, и переход в состояние 49

    expr      переход в состояние 102
    let_expr  переход в состояние 51


Состояние 79

   29 expr: expr '@' • TYPEID '.' OBJECTID '(' expr_list_comma ')'

    TYPEID  сдвиг, и переход в состояние 103


Состояние 80

   27 expr: expr '.' • OBJECTID '(' expr_list_comma ')'

    OBJECTID  сдвиг, и переход в состояние 104


Состояние 81

   10 feature: OBJECTID '(' formal_list ')' ':' TYPEID • '{' expr '}' ';'

    '{'  сдвиг, и переход в состояние 105


Состояние 82

   30 expr: IF expr THEN • expr ELSE expr FI

    IF          сдвиг, и переход в состояние 36
    LET         сдвиг, и переход в состояние 37
    WHILE       сдвиг, и переход в состояние 38
    CASE        сдвиг, и переход в состояние 39
    NEW         сдвиг, и переход в состояние 40
    ISVOID      сдвиг, и переход в состояние 41
    STR_CONST   сдвиг, и переход в состояние 42
    INT_CONST   сдвиг, и переход в состояние 43
    BOOL_CONST  сдвиг, и переход в состояние 44
    OBJECTID    сдвиг, и переход в состояние 45
    NOT         сдвиг, и переход в состояние 46
    '~'         сдвиг, и переход в состояние 47
    '{'         сдвиг, и переход в состояние 48
    '('         сдвиг, и переход в состояние 49

    expr      переход в состояние 106
    let_expr  переход в состояние 51


Состояние 83

   52 let_binding_list: error ',' • let_binding

    OBJECTID  сдвиг, и переход в состояние 58

    let_binding  переход в состояние 107


Состояние 84

   53 let_binding: OBJECTID ':' • TYPEID optional_assign

    TYPEID  сдвиг, и переход в состояние 108


Состояние 85

   49 let_expr: LET let_binding_list IN • expr

    IF          сдвиг, и переход в состояние 36
    LET         сдвиг, и переход в состояние 37
    WHILE       сдвиг, и переход в состояние 38
    CASE        сдвиг, и переход в состояние 39
    NEW         сдвиг, и переход в состояние 40
    ISVOID      сдвиг, и переход в состояние 41
    STR_CONST   сдвиг, и переход в состояние 42
    INT_CONST   сдвиг, и переход в состояние 43
    BOOL_CONST  сдвиг, и переход в состояние 44
    OBJECTID    сдвиг, и переход в состояние 45
    NOT         сдвиг, и переход в состояние 46
    '~'         сдвиг, и переход в состояние 47
    '{'         сдвиг, и переход в состояние 48
    '('         сдвиг, и переход в состояние 49

    expr      переход в состояние 109
    let_expr  переход в состояние 51


Состояние 86

   51 let_binding_list: let_binding_list ',' • let_binding

    OBJECTID  сдвиг, и переход в состояние 58

    let_binding  переход в состояние 110


Состояние 87

   31 expr: WHILE expr LOOP • expr POOL

    IF          сдвиг, и переход в состояние 36
    LET         сдвиг, и переход в состояние 37
    WHILE       сдвиг, и переход в состояние 38
    CASE        сдвиг, и переход в состояние 39
    NEW         сдвиг, и переход в состояние 40
    ISVOID      сдвиг, и переход в состояние 41
    STR_CONST   сдвиг, и переход в состояние 42
    INT_CONST   сдвиг, и переход в состояние 43
    BOOL_CONST  сдвиг, и переход в состояние 44
    OBJECTID    сдвиг, и переход в состояние 45
    NOT         сдвиг, и переход в состояние 46
    '~'         сдвиг, и переход в состояние 47
    '{'         сдвиг, и переход в состояние 48
    '('         сдвиг, и переход в состояние 49

    expr      переход в состояние 111
    let_expr  переход в состояние 51


Состояние 88

   34 expr: CASE expr OF • case_list ESAC

    $default  вывод с использованием правила 46 (case_list)

    case_list  переход в состояние 112


Состояние 89

   26 expr: OBJECTID ASSIGN expr •
   27     | expr • '.' OBJECTID '(' expr_list_comma ')'
   29     | expr • '@' TYPEID '.' OBJECTID '(' expr_list_comma ')'
   37     | expr • '+' expr
   38     | expr • '-' expr
   39     | expr • '*' expr
   41     | expr • '<' expr
   42     | expr • '=' expr
   43     | expr • LE expr

    LE   сдвиг, и переход в состояние 73
    '<'  сдвиг, и переход в состояние 74
    '='  сдвиг, и переход в состояние 75
    '+'  сдвиг, и переход в состояние 76
    '-'  сдвиг, и переход в состояние 77
    '*'  сдвиг, и переход в состояние 78
    '@'  сдвиг, и переход в состояние 79
    '.'  сдвиг, и переход в состояние 80

    $default  вывод с использованием правила 26 (expr)


Состояние 90

   18 expr_list_comma: expr_list_comma • ',' expr
   28 expr: OBJECTID '(' expr_list_comma • ')'

    ')'  сдвиг, и переход в состояние 113
    ','  сдвиг, и переход в состояние 114


Состояние 91

   17 expr_list_comma: expr •
   27 expr: expr • '.' OBJECTID '(' expr_list_comma ')'
   29     | expr • '@' TYPEID '.' OBJECTID '(' expr_list_comma ')'
   37     | expr • '+' expr
   38     | expr • '-' expr
   39     | expr • '*' expr
   41     | expr • '<' expr
   42     | expr • '=' expr
   43     | expr • LE expr

    LE   сдвиг, и переход в состояние 73
    '<'  сдвиг, и переход в состояние 74
    '='  сдвиг, и переход в состояние 75
    '+'  сдвиг, и переход в состояние 76
    '-'  сдвиг, и переход в состояние 77
    '*'  сдвиг, и переход в состояние 78
    '@'  сдвиг, и переход в состояние 79
    '.'  сдвиг, и переход в состояние 80

    $default  вывод с использованием правила 17 (expr_list_comma)


Состояние 92

   21 expr_list_simicolon: error ';' •

    $default  вывод с использованием правила 21 (expr_list_simicolon)


Состояние 93

   32 expr: '{' expr_list_simicolon '}' •

    $default  вывод с использованием правила 32 (expr)


Состояние 94

   20 expr_list_simicolon: expr_list_simicolon expr • ';'
   27 expr: expr • '.' OBJECTID '(' expr_list_comma ')'
   29     | expr • '@' TYPEID '.' OBJECTID '(' expr_list_comma ')'
   37     | expr • '+' expr
   38     | expr • '-' expr
   39     | expr • '*' expr
   41     | expr • '<' expr
   42     | expr • '=' expr
   43     | expr • LE expr

    LE   сдвиг, и переход в состояние 73
    '<'  сдвиг, и переход в состояние 74
    '='  сдвиг, и переход в состояние 75
    '+'  сдвиг, и переход в состояние 76
    '-'  сдвиг, и переход в состояние 77
    '*'  сдвиг, и переход в состояние 78
    '@'  сдвиг, и переход в состояние 79
    '.'  сдвиг, и переход в состояние 80
    ';'  сдвиг, и переход в состояние 115


Состояние 95

   19 expr_list_simicolon: expr ';' •

    $default  вывод с использованием правила 19 (expr_list_simicolon)


Состояние 96

   45 expr: '(' expr ')' •

    $default  вывод с использованием правила 45 (expr)


Состояние 97

   27 expr: expr • '.' OBJECTID '(' expr_list_comma ')'
   29     | expr • '@' TYPEID '.' OBJECTID '(' expr_list_comma ')'
   37     | expr • '+' expr
   38     | expr • '-' expr
   39     | expr • '*' expr
   41     | expr • '<' expr
   42     | expr • '=' expr
   43     | expr • LE expr
   43     | expr LE expr •

    '+'  сдвиг, и переход в состояние 76
    '-'  сдвиг, и переход в состояние 77
    '*'  сдвиг, и переход в состояние 78
    '@'  сдвиг, и переход в состояние 79
    '.'  сдвиг, и переход в состояние 80

    LE   ошибка (неассоциативная)
    '<'  ошибка (неассоциативная)
    '='  ошибка (неассоциативная)

    $default  вывод с использованием правила 43 (expr)


Состояние 98

   27 expr: expr • '.' OBJECTID '(' expr_list_comma ')'
   29     | expr • '@' TYPEID '.' OBJECTID '(' expr_list_comma ')'
   37     | expr • '+' expr
   38     | expr • '-' expr
   39     | expr • '*' expr
   41     | expr • '<' expr
   41     | expr '<' expr •
   42     | expr • '=' expr
   43     | expr • LE expr

    '+'  сдвиг, и переход в состояние 76
    '-'  сдвиг, и переход в состояние 77
    '*'  сдвиг, и переход в состояние 78
    '@'  сдвиг, и переход в состояние 79
    '.'  сдвиг, и переход в состояние 80

    LE   ошибка (неассоциативная)
    '<'  ошибка (неассоциативная)
    '='  ошибка (неассоциативная)

    $default  вывод с использованием правила 41 (expr)


Состояние 99

   27 expr: expr • '.' OBJECTID '(' expr_list_comma ')'
   29     | expr • '@' TYPEID '.' OBJECTID '(' expr_list_comma ')'
   37     | expr • '+' expr
   38     | expr • '-' expr
   39     | expr • '*' expr
   41     | expr • '<' expr
   42     | expr • '=' expr
   42     | expr '=' expr •
   43     | expr • LE expr

    '+'  сдвиг, и переход в состояние 76
    '-'  сдвиг, и переход в состояние 77
    '*'  сдвиг, и переход в состояние 78
    '@'  сдвиг, и переход в состояние 79
    '.'  сдвиг, и переход в состояние 80

    LE   ошибка (неассоциативная)
    '<'  ошибка (неассоциативная)
    '='  ошибка (неассоциативная)

    $default  вывод с использованием правила 42 (expr)


Состояние 100

   27 expr: expr • '.' OBJECTID '(' expr_list_comma ')'
   29     | expr • '@' TYPEID '.' OBJECTID '(' expr_list_comma ')'
   37     | expr • '+' expr
   37     | expr '+' expr •
   38     | expr • '-' expr
   39     | expr • '*' expr
   41     | expr • '<' expr
   42     | expr • '=' expr
   43     | expr • LE expr

    '*'  сдвиг, и переход в состояние 78
    '@'  сдвиг, и переход в состояние 79
    '.'  сдвиг, и переход в состояние 80

    $default  вывод с использованием правила 37 (expr)


Состояние 101

   27 expr: expr • '.' OBJECTID '(' expr_list_comma ')'
   29     | expr • '@' TYPEID '.' OBJECTID '(' expr_list_comma ')'
   37     | expr • '+' expr
   38     | expr • '-' expr
   38     | expr '-' expr •
   39     | expr • '*' expr
   41     | expr • '<' expr
   42     | expr • '=' expr
   43     | expr • LE expr

    '*'  сдвиг, и переход в состояние 78
    '@'  сдвиг, и переход в состояние 79
    '.'  сдвиг, и переход в состояние 80

    $default  вывод с использованием правила 38 (expr)


Состояние 102

   27 expr: expr • '.' OBJECTID '(' expr_list_comma ')'
   29     | expr • '@' TYPEID '.' OBJECTID '(' expr_list_comma ')'
   37     | expr • '+' expr
   38     | expr • '-' expr
   39     | expr • '*' expr
   39     | expr '*' expr •
   41     | expr • '<' expr
   42     | expr • '=' expr
   43     | expr • LE expr

    '@'  сдвиг, и переход в состояние 79
    '.'  сдвиг, и переход в состояние 80

    $default  вывод с использованием правила 39 (expr)


Состояние 103

   29 expr: expr '@' TYPEID • '.' OBJECTID '(' expr_list_comma ')'

    '.'  сдвиг, и переход в состояние 116


Состояние 104

   27 expr: expr '.' OBJECTID • '(' expr_list_comma ')'

    '('  сдвиг, и переход в состояние 117


Состояние 105

   10 feature: OBJECTID '(' formal_list ')' ':' TYPEID '{' • expr '}' ';'

    IF          сдвиг, и переход в состояние 36
    LET         сдвиг, и переход в состояние 37
    WHILE       сдвиг, и переход в состояние 38
    CASE        сдвиг, и переход в состояние 39
    NEW         сдвиг, и переход в состояние 40
    ISVOID      сдвиг, и переход в состояние 41
    STR_CONST   сдвиг, и переход в состояние 42
    INT_CONST   сдвиг, и переход в состояние 43
    BOOL_CONST  сдвиг, и переход в состояние 44
    OBJECTID    сдвиг, и переход в состояние 45
    NOT         сдвиг, и переход в состояние 46
    '~'         сдвиг, и переход в состояние 47
    '{'         сдвиг, и переход в состояние 48
    '('         сдвиг, и переход в состояние 49

    expr      переход в состояние 118
    let_expr  переход в состояние 51


Состояние 106

   27 expr: expr • '.' OBJECTID '(' expr_list_comma ')'
   29     | expr • '@' TYPEID '.' OBJECTID '(' expr_list_comma ')'
   30     | IF expr THEN expr • ELSE expr FI
   37     | expr • '+' expr
   38     | expr • '-' expr
   39     | expr • '*' expr
   41     | expr • '<' expr
   42     | expr • '=' expr
   43     | expr • LE expr

    ELSE  сдвиг, и переход в состояние 119
    LE    сдвиг, и переход в состояние 73
    '<'   сдвиг, и переход в состояние 74
    '='   сдвиг, и переход в состояние 75
    '+'   сдвиг, и переход в состояние 76
    '-'   сдвиг, и переход в состояние 77
    '*'   сдвиг, и переход в состояние 78
    '@'   сдвиг, и переход в состояние 79
    '.'   сдвиг, и переход в состояние 80


Состояние 107

   52 let_binding_list: error ',' let_binding •

    $default  вывод с использованием правила 52 (let_binding_list)


Состояние 108

   53 let_binding: OBJECTID ':' TYPEID • optional_assign

    ASSIGN  сдвиг, и переход в состояние 31

    $default  вывод с использованием правила 54 (optional_assign)

    optional_assign  переход в состояние 120


Состояние 109

   27 expr: expr • '.' OBJECTID '(' expr_list_comma ')'
   29     | expr • '@' TYPEID '.' OBJECTID '(' expr_list_comma ')'
   37     | expr • '+' expr
   38     | expr • '-' expr
   39     | expr • '*' expr
   41     | expr • '<' expr
   42     | expr • '=' expr
   43     | expr • LE expr
   49 let_expr: LET let_binding_list IN expr •

    LE   сдвиг, и переход в состояние 73
    '<'  сдвиг, и переход в состояние 74
    '='  сдвиг, и переход в состояние 75
    '+'  сдвиг, и переход в состояние 76
    '-'  сдвиг, и переход в состояние 77
    '*'  сдвиг, и переход в состояние 78
    '@'  сдвиг, и переход в состояние 79
    '.'  сдвиг, и переход в состояние 80

    $default  вывод с использованием правила 49 (let_expr)


Состояние 110

   51 let_binding_list: let_binding_list ',' let_binding •

    $default  вывод с использованием правила 51 (let_binding_list)


Состояние 111

   27 expr: expr • '.' OBJECTID '(' expr_list_comma ')'
   29     | expr • '@' TYPEID '.' OBJECTID '(' expr_list_comma ')'
   31     | WHILE expr LOOP expr • POOL
   37     | expr • '+' expr
   38     | expr • '-' expr
   39     | expr • '*' expr
   41     | expr • '<' expr
   42     | expr • '=' expr
   43     | expr • LE expr

    POOL  сдвиг, и переход в состояние 121
    LE    сдвиг, и переход в состояние 73
    '<'   сдвиг, и переход в состояние 74
    '='   сдвиг, и переход в состояние 75
    '+'   сдвиг, и переход в состояние 76
    '-'   сдвиг, и переход в состояние 77
    '*'   сдвиг, и переход в состояние 78
    '@'   сдвиг, и переход в состояние 79
    '.'   сдвиг, и переход в состояние 80


Состояние 112

   34 expr: CASE expr OF case_list • ESAC
   47 case_list: case_list • case

    ESAC      сдвиг, и переход в состояние 122
    OBJECTID  сдвиг, и переход в состояние 123

    case  переход в состояние 124


Состояние 113

   28 expr: OBJECTID '(' expr_list_comma ')' •

    $default  вывод с использованием правила 28 (expr)


Состояние 114

   18 expr_list_comma: expr_list_comma ',' • expr

    IF          сдвиг, и переход в состояние 36
    LET         сдвиг, и переход в состояние 37
    WHILE       сдвиг, и переход в состояние 38
    CASE        сдвиг, и переход в состояние 39
    NEW         сдвиг, и переход в состояние 40
    ISVOID      сдвиг, и переход в состояние 41
    STR_CONST   сдвиг, и переход в состояние 42
    INT_CONST   сдвиг, и переход в состояние 43
    BOOL_CONST  сдвиг, и переход в состояние 44
    OBJECTID    сдвиг, и переход в состояние 45
    NOT         сдвиг, и переход в состояние 46
    '~'         сдвиг, и переход в состояние 47
    '{'         сдвиг, и переход в состояние 48
    '('         сдвиг, и переход в состояние 49

    expr      переход в состояние 125
    let_expr  переход в состояние 51


Состояние 115

   20 expr_list_simicolon: expr_list_simicolon expr ';' •

    $default  вывод с использованием правила 20 (expr_list_simicolon)


Состояние 116

   29 expr: expr '@' TYPEID '.' • OBJECTID '(' expr_list_comma ')'

    OBJECTID  сдвиг, и переход в состояние 126


Состояние 117

   27 expr: expr '.' OBJECTID '(' • expr_list_comma ')'

    IF          сдвиг, и переход в состояние 36
    LET         сдвиг, и переход в состояние 37
    WHILE       сдвиг, и переход в состояние 38
    CASE        сдвиг, и переход в состояние 39
    NEW         сдвиг, и переход в состояние 40
    ISVOID      сдвиг, и переход в состояние 41
    STR_CONST   сдвиг, и переход в состояние 42
    INT_CONST   сдвиг, и переход в состояние 43
    BOOL_CONST  сдвиг, и переход в состояние 44
    OBJECTID    сдвиг, и переход в состояние 45
    NOT         сдвиг, и переход в состояние 46
    '~'         сдвиг, и переход в состояние 47
    '{'         сдвиг, и переход в состояние 48
    '('         сдвиг, и переход в состояние 49

    $default  вывод с использованием правила 16 (expr_list_comma)

    expr_list_comma  переход в состояние 127
    expr             переход в состояние 91
    let_expr         переход в состояние 51


Состояние 118

   10 feature: OBJECTID '(' formal_list ')' ':' TYPEID '{' expr • '}' ';'
   27 expr: expr • '.' OBJECTID '(' expr_list_comma ')'
   29     | expr • '@' TYPEID '.' OBJECTID '(' expr_list_comma ')'
   37     | expr • '+' expr
   38     | expr • '-' expr
   39     | expr • '*' expr
   41     | expr • '<' expr
   42     | expr • '=' expr
   43     | expr • LE expr

    LE   сдвиг, и переход в состояние 73
    '<'  сдвиг, и переход в состояние 74
    '='  сдвиг, и переход в состояние 75
    '+'  сдвиг, и переход в состояние 76
    '-'  сдвиг, и переход в состояние 77
    '*'  сдвиг, и переход в состояние 78
    '@'  сдвиг, и переход в состояние 79
    '.'  сдвиг, и переход в состояние 80
    '}'  сдвиг, и переход в состояние 128


Состояние 119

   30 expr: IF expr THEN expr ELSE • expr FI

    IF          сдвиг, и переход в состояние 36
    LET         сдвиг, и переход в состояние 37
    WHILE       сдвиг, и переход в состояние 38
    CASE        сдвиг, и переход в состояние 39
    NEW         сдвиг, и переход в состояние 40
    ISVOID      сдвиг, и переход в состояние 41
    STR_CONST   сдвиг, и переход в состояние 42
    INT_CONST   сдвиг, и переход в состояние 43
    BOOL_CONST  сдвиг, и переход в состояние 44
    OBJECTID    сдвиг, и переход в состояние 45
    NOT         сдвиг, и переход в состояние 46
    '~'         сдвиг, и переход в состояние 47
    '{'         сдвиг, и переход в состояние 48
    '('         сдвиг, и переход в состояние 49

    expr      переход в состояние 129
    let_expr  переход в состояние 51


Состояние 120

   53 let_binding: OBJECTID ':' TYPEID optional_assign •

    $default  вывод с использованием правила 53 (let_binding)


Состояние 121

   31 expr: WHILE expr LOOP expr POOL •

    $default  вывод с использованием правила 31 (expr)


Состояние 122

   34 expr: CASE expr OF case_list ESAC •

    $default  вывод с использованием правила 34 (expr)


Состояние 123

   48 case: OBJECTID • ':' TYPEID DARROW expr ';'

    ':'  сдвиг, и переход в состояние 130


Состояние 124

   47 case_list: case_list case •

    $default  вывод с использованием правила 47 (case_list)


Состояние 125

   18 expr_list_comma: expr_list_comma ',' expr •
   27 expr: expr • '.' OBJECTID '(' expr_list_comma ')'
   29     | expr • '@' TYPEID '.' OBJECTID '(' expr_list_comma ')'
   37     | expr • '+' expr
   38     | expr • '-' expr
   39     | expr • '*' expr
   41     | expr • '<' expr
   42     | expr • '=' expr
   43     | expr • LE expr

    LE   сдвиг, и переход в состояние 73
    '<'  сдвиг, и переход в состояние 74
    '='  сдвиг, и переход в состояние 75
    '+'  сдвиг, и переход в состояние 76
    '-'  сдвиг, и переход в состояние 77
    '*'  сдвиг, и переход в состояние 78
    '@'  сдвиг, и переход в состояние 79
    '.'  сдвиг, и переход в состояние 80

    $default  вывод с использованием правила 18 (expr_list_comma)


Состояние 126

   29 expr: expr '@' TYPEID '.' OBJECTID • '(' expr_list_comma ')'

    '('  сдвиг, и переход в состояние 131


Состояние 127

   18 expr_list_comma: expr_list_comma • ',' expr
   27 expr: expr '.' OBJECTID '(' expr_list_comma • ')'

    ')'  сдвиг, и переход в состояние 132
    ','  сдвиг, и переход в состояние 114


Состояние 128

   10 feature: OBJECTID '(' formal_list ')' ':' TYPEID '{' expr '}' • ';'

    ';'  сдвиг, и переход в состояние 133


Состояние 129

   27 expr: expr • '.' OBJECTID '(' expr_list_comma ')'
   29     | expr • '@' TYPEID '.' OBJECTID '(' expr_list_comma ')'
   30     | IF expr THEN expr ELSE expr • FI
   37     | expr • '+' expr
   38     | expr • '-' expr
   39     | expr • '*' expr
   41     | expr • '<' expr
   42     | expr • '=' expr
   43     | expr • LE expr

    FI   сдвиг, и переход в состояние 134
    LE   сдвиг, и переход в состояние 73
    '<'  сдвиг, и переход в состояние 74
    '='  сдвиг, и переход в состояние 75
    '+'  сдвиг, и переход в состояние 76
    '-'  сдвиг, и переход в состояние 77
    '*'  сдвиг, и переход в состояние 78
    '@'  сдвиг, и переход в состояние 79
    '.'  сдвиг, и переход в состояние 80


Состояние 130

   48 case: OBJECTID ':' • TYPEID DARROW expr ';'

    TYPEID  сдвиг, и переход в состояние 135


Состояние 131

   29 expr: expr '@' TYPEID '.' OBJECTID '(' • expr_list_comma ')'

    IF          сдвиг, и переход в состояние 36
    LET         сдвиг, и переход в состояние 37
    WHILE       сдвиг, и переход в состояние 38
    CASE        сдвиг, и переход в состояние 39
    NEW         сдвиг, и переход в состояние 40
    ISVOID      сдвиг, и переход в состояние 41
    STR_CONST   сдвиг, и переход в состояние 42
    INT_CONST   сдвиг, и переход в состояние 43
    BOOL_CONST  сдвиг, и переход в состояние 44
    OBJECTID    сдвиг, и переход в состояние 45
    NOT         сдвиг, и переход в состояние 46
    '~'         сдвиг, и переход в состояние 47
    '{'         сдвиг, и переход в состояние 48
    '('         сдвиг, и переход в состояние 49

    $default  вывод с использованием правила 16 (expr_list_comma)

    expr_list_comma  переход в состояние 136
    expr             переход в состояние 91
    let_expr         переход в состояние 51


Состояние 132

   27 expr: expr '.' OBJECTID '(' expr_list_comma ')' •

    $default  вывод с использованием правила 27 (expr)


Состояние 133

   10 feature: OBJECTID '(' formal_list ')' ':' TYPEID '{' expr '}' ';' •

    $default  вывод с использованием правила 10 (feature)


Состояние 134

   30 expr: IF expr THEN expr ELSE expr FI •

    $default  вывод с использованием правила 30 (expr)


Состояние 135

   48 case: OBJECTID ':' TYPEID • DARROW expr ';'

    DARROW  сдвиг, и переход в состояние 137


Состояние 136

   18 expr_list_comma: expr_list_comma • ',' expr
   29 expr: expr '@' TYPEID '.' OBJECTID '(' expr_list_comma • ')'

    ')'  сдвиг, и переход в состояние 138
    ','  сдвиг, и переход в состояние 114


Состояние 137

   48 case: OBJECTID ':' TYPEID DARROW • expr ';'

    IF          сдвиг, и переход в состояние 36
    LET         сдвиг, и переход в состояние 37
    WHILE       сдвиг, и переход в состояние 38
    CASE        сдвиг, и переход в состояние 39
    NEW         сдвиг, и переход в состояние 40
    ISVOID      сдвиг, и переход в состояние 41
    STR_CONST   сдвиг, и переход в состояние 42
    INT_CONST   сдвиг, и переход в состояние 43
    BOOL_CONST  сдвиг, и переход в состояние 44
    OBJECTID    сдвиг, и переход в состояние 45
    NOT         сдвиг, и переход в состояние 46
    '~'         сдвиг, и переход в состояние 47
    '{'         сдвиг, и переход в состояние 48
    '('         сдвиг, и переход в состояние 49

    expr      переход в состояние 139
    let_expr  переход в состояние 51


Состояние 138

   29 expr: expr '@' TYPEID '.' OBJECTID '(' expr_list_comma ')' •

    $default  вывод с использованием правила 29 (expr)


Состояние 139

   27 expr: expr • '.' OBJECTID '(' expr_list_comma ')'
   29     | expr • '@' TYPEID '.' OBJECTID '(' expr_list_comma ')'
   37     | expr • '+' expr
   38     | expr • '-' expr
   39     | expr • '*' expr
   41     | expr • '<' expr
   42     | expr • '=' expr
   43     | expr • LE expr
   48 case: OBJECTID ':' TYPEID DARROW expr • ';'

    LE   сдвиг, и переход в состояние 73
    '<'  сдвиг, и переход в состояние 74
    '='  сдвиг, и переход в состояние 75
    '+'  сдвиг, и переход в состояние 76
    '-'  сдвиг, и переход в состояние 77
    '*'  сдвиг, и переход в состояние 78
    '@'  сдвиг, и переход в состояние 79
    '.'  сдвиг, и переход в состояние 80
    ';'  сдвиг, и переход в состояние 140


Состояние 140

   48 case: OBJECTID ':' TYPEID DARROW expr ';' •

    $default  вывод с использованием правила 48 (case)
